[0m16:55:28.242478 [debug] [MainThread]: Sending event: {'category': 'dbt', 'action': 'invocation', 'label': 'start', 'context': [<snowplow_tracker.self_describing_json.SelfDescribingJson object at 0x000002BCB7FFCFE0>, <snowplow_tracker.self_describing_json.SelfDescribingJson object at 0x000002BCB8725940>, <snowplow_tracker.self_describing_json.SelfDescribingJson object at 0x000002BCB60C0530>]}


============================== 16:55:28.256476 | 253a1197-a05c-4646-bda0-e85c39d2cede ==============================
[0m16:55:28.256476 [info ] [MainThread]: Running with dbt=1.9.0
[0m16:55:28.258477 [debug] [MainThread]: running dbt with arguments {'printer_width': '80', 'indirect_selection': 'eager', 'write_json': 'True', 'log_cache_events': 'False', 'partial_parse': 'True', 'cache_selected_only': 'False', 'profiles_dir': 'C:\\Users\\wilso\\.dbt', 'fail_fast': 'False', 'version_check': 'True', 'log_path': 'logs', 'debug': 'False', 'warn_error': 'None', 'use_colors': 'True', 'use_experimental_parser': 'False', 'no_print': 'None', 'quiet': 'False', 'empty': 'None', 'log_format': 'default', 'invocation_command': 'dbt init lab_dbt', 'static_parser': 'True', 'warn_error_options': 'WarnErrorOptions(include=[], exclude=[])', 'target_path': 'None', 'introspect': 'True', 'send_anonymous_usage_stats': 'True'}
[0m16:55:28.392471 [warn ] [MainThread]: [ConfigFolderDirectory]: Unable to parse logging event dictionary. Failed to parse dir field: expected string or bytes-like object, got 'WindowsPath'.. Dictionary: {'dir': WindowsPath('C:/Users/wilso/.dbt')}
[0m16:55:28.393473 [info ] [MainThread]: Creating dbt configuration folder at 
[0m16:55:28.403470 [debug] [MainThread]: Starter project path: C:\Users\wilso\AppData\Local\Packages\PythonSoftwareFoundation.Python.3.12_qbz5n2kfra8p0\LocalCache\local-packages\Python312\site-packages\dbt\include\starter_project
[0m16:55:28.462476 [info ] [MainThread]: 
Your new dbt project "lab_dbt" was created!

For more information on how to configure the profiles.yml file,
please consult the dbt documentation here:

  https://docs.getdbt.com/docs/configure-your-profile

One more thing:

Need help? Don't hesitate to reach out to us via GitHub issues or on Slack:

  https://community.getdbt.com/

Happy modeling!

[0m16:55:28.463473 [info ] [MainThread]: Setting up your profile.
[0m17:02:18.367491 [info ] [MainThread]: Profile lab_dbt written to C:\Users\wilso\.dbt\profiles.yml using target's profile_template.yml and your supplied values. Run 'dbt debug' to validate the connection.
[0m17:02:18.370526 [debug] [MainThread]: Command `dbt init` succeeded at 17:02:18.370526 after 410.49 seconds
[0m17:02:18.372492 [debug] [MainThread]: Sending event: {'category': 'dbt', 'action': 'invocation', 'label': 'end', 'context': [<snowplow_tracker.self_describing_json.SelfDescribingJson object at 0x000002BCC0DD9880>, <snowplow_tracker.self_describing_json.SelfDescribingJson object at 0x000002BCB73C1DC0>, <snowplow_tracker.self_describing_json.SelfDescribingJson object at 0x000002BCB73C1C40>]}
[0m17:02:18.372492 [debug] [MainThread]: Flushing usage events
[0m17:02:18.771992 [debug] [MainThread]: An error was encountered while trying to flush usage events
